<?xml version="1.0" encoding="UTF-8"?>
<testng-results ignored="0" total="1" passed="1" failed="0" skipped="0">
  <reporter-output>
  </reporter-output>
  <suite started-at="2025-04-04T22:03:53 IST" name="Default suite" finished-at="2025-04-04T22:04:30 IST" duration-ms="36693">
    <groups>
    </groups>
    <test started-at="2025-04-04T22:03:53 IST" name="Default test" finished-at="2025-04-04T22:04:30 IST" duration-ms="36693">
      <class name="Base.LoginTest">
        <test-method is-config="true" signature="setup()[pri:0, instance:Base.LoginTest@10aa41f2]" started-at="2025-04-04T22:03:53 IST" name="setup" finished-at="2025-04-04T22:04:03 IST" duration-ms="9806" status="PASS">
          <reporter-output>
          </reporter-output>
        </test-method> <!-- setup -->
        <test-method signature="testValidLogin()[pri:1, instance:Base.LoginTest@10aa41f2]" started-at="2025-04-04T22:04:03 IST" name="testValidLogin" finished-at="2025-04-04T22:04:30 IST" duration-ms="26285" status="PASS">
          <reporter-output>
          </reporter-output>
        </test-method> <!-- testValidLogin -->
        <test-method is-config="true" signature="teardown()[pri:0, instance:Base.LoginTest@10aa41f2]" started-at="2025-04-04T22:04:30 IST" name="teardown" finished-at="2025-04-04T22:04:30 IST" duration-ms="493" status="PASS">
          <reporter-output>
          </reporter-output>
        </test-method> <!-- teardown -->
      </class> <!-- Base.LoginTest -->
    </test> <!-- Default test -->
  </suite> <!-- Default suite -->
</testng-results>
